{
  "RSpec": {
    "coverage": {
      "/home/juicyp/Tools/Ruby/BibTeXt/app/models/article.rb": [
        1,
        1,
        null,
        1,
        1,
        1,
        1,
        1,
        null,
        1,
        0,
        null,
        null
      ],
      "/home/juicyp/Tools/Ruby/BibTeXt/app/models/application_record.rb": [
        1,
        1,
        null
      ],
      "/home/juicyp/Tools/Ruby/BibTeXt/app/models/page.rb": [
        1,
        1,
        null,
        1,
        0,
        null,
        null,
        null
      ],
      "/home/juicyp/Tools/Ruby/BibTeXt/app/controllers/application_controller.rb": [
        0,
        0,
        0
      ],
      "/home/juicyp/Tools/Ruby/BibTeXt/app/controllers/pages_controller.rb": [
        0,
        0,
        0,
        0,
        0,
        0,
        0,
        0,
        0,
        0,
        0,
        0,
        0,
        0,
        0,
        0,
        0,
        0,
        0,
        0,
        0,
        0,
        0,
        0,
        0,
        0,
        0,
        0,
        0,
        0,
        0,
        0,
        0,
        0,
        0,
        0,
        0,
        0,
        0,
        0,
        0,
        0,
        0,
        0,
        0,
        0,
        0,
        0,
        0,
        0,
        0,
        0,
        0,
        0,
        0,
        0,
        0,
        0,
        0,
        0,
        0,
        0,
        0,
        0,
        0,
        0,
        0,
        0,
        0,
        0,
        0,
        0,
        0
      ],
      "/home/juicyp/Tools/Ruby/BibTeXt/app/controllers/articles_controller.rb": [
        0,
        0,
        0,
        0,
        0,
        0,
        0,
        0,
        0,
        0,
        0,
        0,
        0,
        0,
        0,
        0,
        0,
        0,
        0,
        0,
        0,
        0,
        0,
        0,
        0,
        0,
        0,
        0,
        0,
        0,
        0,
        0,
        0,
        0,
        0,
        0,
        0,
        0,
        0,
        0,
        0,
        0,
        0,
        0,
        0,
        0,
        0,
        0,
        0,
        0,
        0,
        0,
        0,
        0,
        0,
        0,
        0,
        0,
        0,
        0,
        0,
        0,
        0,
        0,
        0,
        0,
        0,
        0,
        0,
        0,
        0,
        0,
        0
      ]
    },
    "timestamp": 1492763053
  }
}
